18:01:08.576 INFO [GridLauncherV3.launch] - Selenium build info: version: '3.13.0', revision: '2f0d292'
18:01:08.582 INFO [GridLauncherV3$1.launch] - Launching a standalone Selenium Server on port 4444
2018-07-10 18:01:08.917:INFO::main: Logging initialized @1008ms to org.seleniumhq.jetty9.util.log.StdErrLog
18:01:09.254 INFO [SeleniumServer.boot] - Selenium Server is up and running on port 4444
18:01:10.344 INFO [ActiveSessionFactory.apply] - Capabilities are: {
  "acceptSslCerts": true,
  "browserName": "chrome",
  "chromeOptions": {
    "args": [
      "Mozilla\u002f5.0 (iPhone; CPU iPhone OS 5_0 like Mac OS X) AppleWebKit\u002f534.46\n            (KHTML, like Gecko) Version\u002f5.1 Mobile\u002f9A334 Safari\u002f7534.48.3",
      "--window-size=640,1136"
    ]
  },
  "javascriptEnabled": true,
  "name": "Github"
}
18:01:10.353 INFO [ActiveSessionFactory.lambda$apply$11] - Matched factory org.openqa.selenium.remote.server.ServicedSession$Factory (provider: org.openqa.selenium.chrome.ChromeDriverService)
18:01:10.356 INFO [ActiveSessionFactory.apply] - Capabilities are: {
  "acceptSslCerts": true,
  "browserName": "chrome",
  "chromeOptions": {
    "args": [
      "Mozilla\u002f5.0 (iPhone; CPU iPhone OS 5_0 like Mac OS X) AppleWebKit\u002f534.46\n            (KHTML, like Gecko) Version\u002f5.1 Mobile\u002f9A334 Safari\u002f7534.48.3",
      "--window-size=640,1136"
    ]
  },
  "javascriptEnabled": true,
  "name": "Guinea Pig"
}
18:01:10.357 INFO [ActiveSessionFactory.lambda$apply$11] - Matched factory org.openqa.selenium.remote.server.ServicedSession$Factory (provider: org.openqa.selenium.chrome.ChromeDriverService)
SStatrtainrg tCihrnomgeD riCvherr 2o.4m0e.5D65r38i6 v(4e5ar05 9d2c4.254e0081.655f96a15033248bd613 80(cc4135caa3603)5 o9nd pcor42t 1250e9058
Onl1y 6l5ofc9aal1 0c3o2n4nbedc1t3i8o0ncsc 1a3rcea 3a6l3l)o woend .p
ort 27413
Only local connections are allowed.
18:01:12.361 INFO [ProtocolHandshake.createSession] - Detected dialect: OSS
18:01:12.480 INFO [ProtocolHandshake.createSession] - Detected dialect: OSS
18:01:13.224 INFO [RemoteSession$Factory.lambda$performHandshake$0] - Started new session 107f9df7c52190d9623c8db86f9313d4 (org.openqa.selenium.chrome.ChromeDriverService)
18:01:13.231 INFO [RemoteSession$Factory.lambda$performHandshake$0] - Started new session 7f22a41feabb37aaa80714f718a09bec (org.openqa.selenium.chrome.ChromeDriverService)
18:01:15.634 INFO [ActiveSessions$1.onStop] - Removing session 7f22a41feabb37aaa80714f718a09bec (org.openqa.selenium.chrome.ChromeDriverService)
18:01:18.381 INFO [ActiveSessions$1.onStop] - Removing session 107f9df7c52190d9623c8db86f9313d4 (org.openqa.selenium.chrome.ChromeDriverService)
